2025-06-14 13:53:00 | INFO | repo=discord-bot | action=commit
2025-09-25 12:34:00 | DEBUG | repo=discord-bot | action=commit
2025-07-12 16:51:00 | INFO | repo=discord-bot | action=edit | files=1
2024-09-13 19:26:00 | DEBUG | repo=discord-bot | action=test | passed=true
2025-05-18 18:47:00 | WARN | repo=discord-bot | action=commit
2024-06-22 08:54:00 | INFO | repo=discord-bot | action=pull
2024-02-23 07:07:00 | DEBUG | repo=discord-bot | action=commit
2025-04-23 11:38:00 | WARN | repo=discord-bot | action=commit
2025-04-25 10:12:00 | INFO | repo=discord-bot | action=commit
2025-12-25 08:40:00 | INFO | repo=discord-bot | action=commit
2025-06-16 07:09:00 | INFO | repo=discord-bot | action=commit
2024-04-10 15:54:00 | INFO | repo=discord-bot | action=pull
2024-05-20 15:47:00 | INFO | repo=discord-bot | action=commit
2024-02-18 10:08:00 | INFO | repo=discord-bot | action=commit
2024-03-10 10:38:00 | INFO | repo=discord-bot | action=edit | files=4
2024-09-23 07:20:00 | WARN | repo=discord-bot | action=commit
2024-08-05 10:46:00 | WARN | repo=discord-bot | action=commit
2024-02-07 19:06:00 | INFO | repo=discord-bot | action=pull
2024-11-09 07:20:00 | INFO | repo=discord-bot | action=commit
2025-04-23 19:16:00 | INFO | repo=discord-bot | action=edit | files=4
2025-06-19 09:33:00 | INFO | repo=discord-bot | action=commit
